#
# There is insufficient memory for the Java Runtime Environment to continue.
# Native memory allocation (mmap) failed to map 264241152 bytes for G1 virtual space
# Possible reasons:
#   The system is out of physical RAM or swap space
#   The process is running with CompressedOops enabled, and the Java Heap may be blocking the growth of the native heap
# Possible solutions:
#   Reduce memory load on the system
#   Increase physical memory or swap space
#   Check if swap backing store is full
#   Decrease Java heap size (-Xmx/-Xms)
#   Decrease number of Java threads
#   Decrease Java thread stack sizes (-Xss)
#   Set larger code cache with -XX:ReservedCodeCacheSize=
#   JVM is running with Unscaled Compressed Oops mode in which the Java heap is
#     placed in the first 4GB address space. The Java Heap base address is the
#     maximum limit for the native heap growth. Please use -XX:HeapBaseMinAddress
#     to set the Java Heap base and to place the Java Heap above 4GB virtual address.
# This output file may be truncated or incomplete.
#
#  Out of Memory Error (os_windows.cpp:3617), pid=6044, tid=17388
#
# JRE version:  (17.0.8.1+1) (build )
# Java VM: OpenJDK 64-Bit Server VM (17.0.8.1+1, mixed mode, emulated-client, sharing, tiered, compressed oops, compressed class ptrs, g1 gc, windows-amd64)
# No core dump will be written. Minidumps are not enabled by default on client versions of Windows
#

---------------  S U M M A R Y ------------

Command Line: -XX:+HeapDumpOnOutOfMemoryError -Xmx1024m -Dsts.lsp.client=vscode -Dsts.log.file=/dev/null -XX:TieredStopAtLevel=1 -Xlog:jni+resolve=off -Dspring.config.location=file:c:\Users\Anurag Choudhary\.vscode\extensions\vmware.vscode-spring-boot-1.49.0\language-server\BOOT-INF\classes\application.properties org.springframework.ide.vscode.boot.app.BootLanguageServerBootApp

Host: 11th Gen Intel(R) Core(TM) i5-1135G7 @ 2.40GHz, 8 cores, 15G,  Windows 11 , 64 bit Build 22621 (10.0.22621.2428)
Time: Fri Oct 27 20:06:36 2023 India Standard Time elapsed time: 0.011119 seconds (0d 0h 0m 0s)

---------------  T H R E A D  ---------------

Current thread (0x0000015c5e8a0fc0):  JavaThread "Unknown thread" [_thread_in_vm, id=17388, stack(0x0000002b8ca00000,0x0000002b8cb00000)]

Stack: [0x0000002b8ca00000,0x0000002b8cb00000]
Native frames: (J=compiled Java code, j=interpreted, Vv=VM code, C=native code)
V  [jvm.dll+0x678b0a]
V  [jvm.dll+0x835e84]
V  [jvm.dll+0x83762e]
V  [jvm.dll+0x837c93]
V  [jvm.dll+0x24746f]
V  [jvm.dll+0x675859]
V  [jvm.dll+0x66a0ea]
V  [jvm.dll+0x306c7b]
V  [jvm.dll+0x30e166]
V  [jvm.dll+0x35dd3e]
V  [jvm.dll+0x35df6f]
V  [jvm.dll+0x2ddb48]
V  [jvm.dll+0x2deab4]
V  [jvm.dll+0x807f31]
V  [jvm.dll+0x36bb21]
V  [jvm.dll+0x7e733c]
V  [jvm.dll+0x3ee4af]
V  [jvm.dll+0x3f00c1]
C  [jli.dll+0x528b]
C  [ucrtbase.dll+0x29363]
C  [KERNEL32.DLL+0x1257d]
C  [ntdll.dll+0x5aa78]


---------------  P R O C E S S  ---------------

Threads class SMR info:
_java_thread_list=0x00007fff837da018, length=0, elements={
}

Java Threads: ( => current thread )

Other Threads:
  0x0000015c5e8df6b0 GCTaskThread "GC Thread#0" [stack: 0x0000002b8cb00000,0x0000002b8cc00000] [id=3704]
  0x0000015c5e8e9520 ConcurrentGCThread "G1 Main Marker" [stack: 0x0000002b8cc00000,0x0000002b8cd00000] [id=22772]
  0x0000015c5e8e9e40 ConcurrentGCThread "G1 Conc#0" [stack: 0x0000002b8cd00000,0x0000002b8ce00000] [id=15676]

[error occurred during error reporting (printing all threads), id 0xc0000005, EXCEPTION_ACCESS_VIOLATION (0xc0000005) at pc=0x00007fff82fae587]

VM state: not at safepoint (not fully initialized)

VM Mutex/Monitor currently owned by a thread:  ([mutex/lock_event])
[0x0000015c5e89dbd0] Heap_lock - owner thread: 0x0000015c5e8a0fc0

Heap address: 0x00000000c0000000, size: 1024 MB, Compressed Oops mode: 32-bit

CDS archive(s) mapped at: [0x0000000000000000-0x0000000000000000-0x0000000000000000), size 0, SharedBaseAddress: 0x0000000800000000, ArchiveRelocationMode: 1.
Narrow klass base: 0x0000000000000000, Narrow klass shift: 0, Narrow klass range: 0x0

GC Precious Log:
<Empty>

Heap:
 garbage-first heap   total 0K, used 0K [0x00000000c0000000, 0x0000000100000000)
  region size 1024K, 0 young (0K), 0 survivors (0K)

[error occurred during error reporting (printing heap information), id 0xc0000005, EXCEPTION_ACCESS_VIOLATION (0xc0000005) at pc=0x00007fff83392699]

GC Heap History (0 events):
No events

Dll operation events (1 events):
Event: 0.008 Loaded shared library c:\Users\Anurag Choudhary\.vscode\extensions\redhat.java-1.23.0-win32-x64\jre\17.0.8.1-win32-x86_64\bin\java.dll

Deoptimization events (0 events):
No events

Classes unloaded (0 events):
No events

Classes redefined (0 events):
No events

Internal exceptions (0 events):
No events

VM Operations (0 events):
No events

Events (0 events):
No events


Dynamic libraries:
0x00007ff6f2d50000 - 0x00007ff6f2d5e000 	c:\Users\Anurag Choudhary\.vscode\extensions\redhat.java-1.23.0-win32-x64\jre\17.0.8.1-win32-x86_64\bin\java.exe
0x00007ff82e710000 - 0x00007ff82e927000 	C:\WINDOWS\SYSTEM32\ntdll.dll
0x00007ff82d5c0000 - 0x00007ff82d684000 	C:\WINDOWS\System32\KERNEL32.DLL
0x00007ff82bbb0000 - 0x00007ff82bf56000 	C:\WINDOWS\System32\KERNELBASE.dll
0x00007ff82ba90000 - 0x00007ff82bba1000 	C:\WINDOWS\System32\ucrtbase.dll
0x00007ff80c3e0000 - 0x00007ff80c3f7000 	c:\Users\Anurag Choudhary\.vscode\extensions\redhat.java-1.23.0-win32-x64\jre\17.0.8.1-win32-x86_64\bin\jli.dll
0x00007ff80f5e0000 - 0x00007ff80f5f9000 	c:\Users\Anurag Choudhary\.vscode\extensions\redhat.java-1.23.0-win32-x64\jre\17.0.8.1-win32-x86_64\bin\VCRUNTIME140.dll
0x00007ff82e4a0000 - 0x00007ff82e64d000 	C:\WINDOWS\System32\USER32.dll
0x00007ff82c3d0000 - 0x00007ff82c3f6000 	C:\WINDOWS\System32\win32u.dll
0x00007ff81a800000 - 0x00007ff81aa93000 	C:\WINDOWS\WinSxS\amd64_microsoft.windows.common-controls_6595b64144ccf1df_6.0.22621.2361_none_2712ced57382f843\COMCTL32.dll
0x00007ff82de80000 - 0x00007ff82dea9000 	C:\WINDOWS\System32\GDI32.dll
0x00007ff82e100000 - 0x00007ff82e1a7000 	C:\WINDOWS\System32\msvcrt.dll
0x00007ff82c020000 - 0x00007ff82c138000 	C:\WINDOWS\System32\gdi32full.dll
0x00007ff82c2b0000 - 0x00007ff82c34a000 	C:\WINDOWS\System32\msvcp_win.dll
0x00007ff82e1b0000 - 0x00007ff82e1e1000 	C:\WINDOWS\System32\IMM32.DLL
0x00007ff828e80000 - 0x00007ff828e8c000 	c:\Users\Anurag Choudhary\.vscode\extensions\redhat.java-1.23.0-win32-x64\jre\17.0.8.1-win32-x86_64\bin\vcruntime140_1.dll
0x00007ff801c50000 - 0x00007ff801ce1000 	c:\Users\Anurag Choudhary\.vscode\extensions\redhat.java-1.23.0-win32-x64\jre\17.0.8.1-win32-x86_64\bin\msvcp140.dll
0x00007fff82cc0000 - 0x00007fff8390c000 	c:\Users\Anurag Choudhary\.vscode\extensions\redhat.java-1.23.0-win32-x64\jre\17.0.8.1-win32-x86_64\bin\server\jvm.dll
0x00007ff82c470000 - 0x00007ff82c520000 	C:\WINDOWS\System32\ADVAPI32.dll
0x00007ff82deb0000 - 0x00007ff82df56000 	C:\WINDOWS\System32\sechost.dll
0x00007ff82caf0000 - 0x00007ff82cc07000 	C:\WINDOWS\System32\RPCRT4.dll
0x00007ff82b2f0000 - 0x00007ff82b33d000 	C:\WINDOWS\SYSTEM32\POWRPROF.dll
0x00007ffffa230000 - 0x00007ffffa239000 	C:\WINDOWS\SYSTEM32\WSOCK32.dll
0x00007ff81ffc0000 - 0x00007ff81fff4000 	C:\WINDOWS\SYSTEM32\WINMM.dll
0x00007ff82d850000 - 0x00007ff82d8c1000 	C:\WINDOWS\System32\WS2_32.dll
0x00007ff81cf40000 - 0x00007ff81cf4a000 	C:\WINDOWS\SYSTEM32\VERSION.dll
0x00007ff82b2d0000 - 0x00007ff82b2e3000 	C:\WINDOWS\SYSTEM32\UMPDC.dll
0x00007ff82aad0000 - 0x00007ff82aae8000 	C:\WINDOWS\SYSTEM32\kernel.appcore.dll
0x00007ff820010000 - 0x00007ff82001a000 	c:\Users\Anurag Choudhary\.vscode\extensions\redhat.java-1.23.0-win32-x64\jre\17.0.8.1-win32-x86_64\bin\jimage.dll
0x00007ff825680000 - 0x00007ff8258ae000 	C:\WINDOWS\SYSTEM32\DBGHELP.DLL
0x00007ff82c520000 - 0x00007ff82c8aa000 	C:\WINDOWS\System32\combase.dll
0x00007ff82d8f0000 - 0x00007ff82d9c7000 	C:\WINDOWS\System32\OLEAUT32.dll
0x00007ff802bc0000 - 0x00007ff802bf2000 	C:\WINDOWS\SYSTEM32\dbgcore.DLL
0x00007ff82c350000 - 0x00007ff82c3ca000 	C:\WINDOWS\System32\bcryptPrimitives.dll
0x00007ff80b3f0000 - 0x00007ff80b415000 	c:\Users\Anurag Choudhary\.vscode\extensions\redhat.java-1.23.0-win32-x64\jre\17.0.8.1-win32-x86_64\bin\java.dll

dbghelp: loaded successfully - version: 4.0.5 - missing functions: none
symbol engine: initialized successfully - sym options: 0x614 - pdb path: .;c:\Users\Anurag Choudhary\.vscode\extensions\redhat.java-1.23.0-win32-x64\jre\17.0.8.1-win32-x86_64\bin;C:\WINDOWS\SYSTEM32;C:\WINDOWS\WinSxS\amd64_microsoft.windows.common-controls_6595b64144ccf1df_6.0.22621.2361_none_2712ced57382f843;c:\Users\Anurag Choudhary\.vscode\extensions\redhat.java-1.23.0-win32-x64\jre\17.0.8.1-win32-x86_64\bin\server

VM Arguments:
jvm_args: -XX:+HeapDumpOnOutOfMemoryError -Xmx1024m -Dsts.lsp.client=vscode -Dsts.log.file=/dev/null -XX:TieredStopAtLevel=1 -Xlog:jni+resolve=off -Dspring.config.location=file:c:\Users\Anurag Choudhary\.vscode\extensions\vmware.vscode-spring-boot-1.49.0\language-server\BOOT-INF\classes\application.properties 
java_command: org.springframework.ide.vscode.boot.app.BootLanguageServerBootApp
java_class_path (initial): c:\Users\Anurag Choudhary\.vscode\extensions\vmware.vscode-spring-boot-1.49.0\language-server\BOOT-INF\classes;c:\Users\Anurag Choudhary\.vscode\extensions\vmware.vscode-spring-boot-1.49.0\language-server\BOOT-INF\lib\annotations-24.0.1.jar;c:\Users\Anurag Choudhary\.vscode\extensions\vmware.vscode-spring-boot-1.49.0\language-server\BOOT-INF\lib\antlr-runtime-3.5.3.jar;c:\Users\Anurag Choudhary\.vscode\extensions\vmware.vscode-spring-boot-1.49.0\language-server\BOOT-INF\lib\antlr4-4.11.1.jar;c:\Users\Anurag Choudhary\.vscode\extensions\vmware.vscode-spring-boot-1.49.0\language-server\BOOT-INF\lib\antlr4-runtime-4.11.1.jar;c:\Users\Anurag Choudhary\.vscode\extensions\vmware.vscode-spring-boot-1.49.0\language-server\BOOT-INF\lib\archunit-1.1.0.jar;c:\Users\Anurag Choudhary\.vscode\extensions\vmware.vscode-spring-boot-1.49.0\language-server\BOOT-INF\lib\asm-9.5.jar;c:\Users\Anurag Choudhary\.vscode\extensions\vmware.vscode-spring-boot-1.49.0\language-server\BOOT-INF\lib\asm-analysis-9.5.jar;c:\Users\Anurag Choudhary\.vscode\extensions\vmware.vscode-spring-boot-1.49.0\language-server\BOOT-INF\lib\asm-tree-9.5.jar;c:\Users\Anurag Choudhary\.vscode\extensions\vmware.vscode-spring-boot-1.49.0\language-server\BOOT-INF\lib\asm-util-9.5.jar;c:\Users\Anurag Choudhary\.vscode\extensions\vmware.vscode-spring-boot-1.49.0\language-server\BOOT-INF\lib\bosh-language-server-1.49.0-SNAPSHOT.jar;c:\Users\Anurag Choudhary\.vscode\extensions\vmware.vscode-spring-boot-1.49.0\language-server\BOOT-INF\lib\caffeine-3.1.6.jar;c:\Users\Anurag Choudhary\.vscode\extensions\vmware.vscode-spring-boot-1.49.0\language-server\BOOT-INF\lib\checker-qual-3.12.0.jar;c:\Users\Anurag Choudhary\.vscode\extensions\vmware.vscode-spring-boot-1.49.0\language-server\BOOT-INF\lib\classgraph-4.8.149.jar;c:\Users\Anurag Choudhary\.vscode\extensions\vmware.vscode-spring-boot-1.49.0\language-server\BOOT-INF\lib\commons-codec-1.15.jar;c:\Users\Anurag Choudhary\.vscode\extensions\vmware.vsc
Launcher Type: SUN_STANDARD

[Global flags]
     intx CICompilerCount                          = 4                                         {product} {ergonomic}
     uint ConcGCThreads                            = 2                                         {product} {ergonomic}
     uint G1ConcRefinementThreads                  = 8                                         {product} {ergonomic}
   size_t G1HeapRegionSize                         = 1048576                                   {product} {ergonomic}
    uintx GCDrainStackTargetSize                   = 64                                        {product} {ergonomic}
     bool HeapDumpOnOutOfMemoryError               = true                                   {manageable} {command line}
   size_t InitialHeapSize                          = 264241152                                 {product} {ergonomic}
   size_t MarkStackSize                            = 4194304                                   {product} {ergonomic}
   size_t MaxHeapSize                              = 1073741824                                {product} {command line}
   size_t MinHeapDeltaBytes                        = 1048576                                   {product} {ergonomic}
   size_t MinHeapSize                              = 8388608                                   {product} {ergonomic}
    uintx NonProfiledCodeHeapSize                  = 0                                      {pd product} {ergonomic}
     bool ProfileInterpreter                       = false                                  {pd product} {command line}
    uintx ProfiledCodeHeapSize                     = 0                                      {pd product} {ergonomic}
   size_t SoftMaxHeapSize                          = 1073741824                             {manageable} {ergonomic}
     intx TieredStopAtLevel                        = 1                                         {product} {command line}
     bool UseCompressedClassPointers               = true                           {product lp64_product} {ergonomic}
     bool UseCompressedOops                        = true                           {product lp64_product} {ergonomic}
     bool UseG1GC                                  = true                                      {product} {ergonomic}
     bool UseLargePagesIndividualAllocation        = false                                  {pd product} {ergonomic}

Logging:
Log output configuration:
 #0: stdout all=warning,jni+resolve=off uptime,level,tags (reconfigured)
 #1: stderr all=off uptime,level,tags

Environment Variables:
JAVA_HOME=C:\Program Files\Java\jdk-20
PATH=C:\Program Files\Python312\Scripts\;C:\Program Files\Python312\;C:\Program Files\Git\bin;C:\Program Files\Java\jdk-20\bin;C:\apache-maven-3.9.2\bin;C:\Windows\System32\WindowsPowerShell\v1.0;C:\Program Files\MySQL\MySQL Server 8.0\bin;C:\Users\Anurag Choudhary\AppData\Local\Microsoft\WindowsApps;C:\Users\Anurag Choudhary\AppData\Local\Programs\Microsoft VS Code\bin;C:\Program Files\nodejs;C:\Users\Anurag Choudhary\AppData\Roaming\npm;C:\Program Files\JetBrains\IntelliJ IDEA Community Edition 2023.2.3\bin;;C:\Program Files\Python312\;
USERNAME=Anurag Choudhary
OS=Windows_NT
PROCESSOR_IDENTIFIER=Intel64 Family 6 Model 140 Stepping 1, GenuineIntel
TMP=C:\TEMP
TEMP=C:\TEMP



---------------  S Y S T E M  ---------------

OS:
 Windows 11 , 64 bit Build 22621 (10.0.22621.2428)
OS uptime: 0 days 17:47 hours
Hyper-V role detected

CPU: total 8 (initial active 8) (4 cores per cpu, 2 threads per core) family 6 model 140 stepping 1 microcode 0xa6, cx8, cmov, fxsr, ht, mmx, 3dnowpref, sse, sse2, sse3, ssse3, sse4.1, sse4.2, popcnt, lzcnt, tsc, tscinvbit, avx, avx2, aes, erms, clmul, bmi1, bmi2, adx, avx512f, avx512dq, avx512cd, avx512bw, avx512vl, sha, fma, vzeroupper, avx512_vpopcntdq, avx512_vpclmulqdq, avx512_vaes, avx512_vnni, clflush, clflushopt, clwb, avx512_vbmi2, avx512_vbmi, hv
Processor Information for processor 0
  Max Mhz: 2419, Current Mhz: 1209, Mhz Limit: 2419
Processor Information for processor 1
  Max Mhz: 2419, Current Mhz: 2419, Mhz Limit: 2419
Processor Information for processor 2
  Max Mhz: 2419, Current Mhz: 2419, Mhz Limit: 2419
Processor Information for processor 3
  Max Mhz: 2419, Current Mhz: 2419, Mhz Limit: 2419
Processor Information for processor 4
  Max Mhz: 2419, Current Mhz: 2419, Mhz Limit: 2419
Processor Information for processor 5
  Max Mhz: 2419, Current Mhz: 2419, Mhz Limit: 2419
Processor Information for processor 6
  Max Mhz: 2419, Current Mhz: 2419, Mhz Limit: 2419
Processor Information for processor 7
  Max Mhz: 2419, Current Mhz: 2419, Mhz Limit: 2419

Memory: 4k page, system-wide physical 16078M (4827M free)
TotalPageFile size 18126M (AvailPageFile size 181M)
current process WorkingSet (physical memory assigned to process): 11M, peak: 11M
current process commit charge ("private bytes"): 55M, peak: 307M

vm_info: OpenJDK 64-Bit Server VM (17.0.8.1+1) for windows-amd64 JRE (17.0.8.1+1), built on Aug 23 2023 15:29:17 by "admin" with MS VC++ 16.7 (VS2019)

END.
