#
# There is insufficient memory for the Java Runtime Environment to continue.
# Native memory allocation (malloc) failed to allocate 1048576 bytes for AllocateHeap
# Possible reasons:
#   The system is out of physical RAM or swap space
#   The process is running with CompressedOops enabled, and the Java Heap may be blocking the growth of the native heap
# Possible solutions:
#   Reduce memory load on the system
#   Increase physical memory or swap space
#   Check if swap backing store is full
#   Decrease Java heap size (-Xmx/-Xms)
#   Decrease number of Java threads
#   Decrease Java thread stack sizes (-Xss)
#   Set larger code cache with -XX:ReservedCodeCacheSize=
#   JVM is running with Unscaled Compressed Oops mode in which the Java heap is
#     placed in the first 4GB address space. The Java Heap base address is the
#     maximum limit for the native heap growth. Please use -XX:HeapBaseMinAddress
#     to set the Java Heap base and to place the Java Heap above 4GB virtual address.
# This output file may be truncated or incomplete.
#
#  Out of Memory Error (allocation.cpp:44), pid=17908, tid=19752
#
# JRE version: OpenJDK Runtime Environment Temurin-17.0.8.1+1 (17.0.8.1+1) (build 17.0.8.1+1)
# Java VM: OpenJDK 64-Bit Server VM Temurin-17.0.8.1+1 (17.0.8.1+1, mixed mode, emulated-client, tiered, compressed oops, compressed class ptrs, g1 gc, windows-amd64)
# No core dump will be written. Minidumps are not enabled by default on client versions of Windows
#

---------------  S U M M A R Y ------------

Command Line: -XX:+HeapDumpOnOutOfMemoryError -Xmx1024m -Dsts.lsp.client=vscode -Dsts.log.file=/dev/null -XX:TieredStopAtLevel=1 -Xlog:jni+resolve=off -Dspring.config.location=file:c:\Users\Anurag Choudhary\.vscode\extensions\vmware.vscode-spring-boot-1.49.0\language-server\BOOT-INF\classes\application.properties org.springframework.ide.vscode.boot.app.BootLanguageServerBootApp

Host: 11th Gen Intel(R) Core(TM) i5-1135G7 @ 2.40GHz, 8 cores, 15G,  Windows 11 , 64 bit Build 22621 (10.0.22621.2428)
Time: Fri Oct 27 20:06:36 2023 India Standard Time elapsed time: 12054.474002 seconds (0d 3h 20m 54s)

---------------  T H R E A D  ---------------

Current thread (0x000002af35fbfc90):  VMThread "VM Thread" [stack: 0x000000cf7de00000,0x000000cf7df00000] [id=19752]

Stack: [0x000000cf7de00000,0x000000cf7df00000]
Native frames: (J=compiled Java code, j=interpreted, Vv=VM code, C=native code)
V  [jvm.dll+0x678b0a]
V  [jvm.dll+0x835e84]
V  [jvm.dll+0x83762e]
V  [jvm.dll+0x837c93]
V  [jvm.dll+0x24746f]
V  [jvm.dll+0xa697b]
V  [jvm.dll+0x2f7eb3]
V  [jvm.dll+0x2f3b80]
V  [jvm.dll+0x2dc1c7]
V  [jvm.dll+0x31f227]
V  [jvm.dll+0x83c15b]
V  [jvm.dll+0x83ce94]
V  [jvm.dll+0x83d3ac]
V  [jvm.dll+0x83d784]
V  [jvm.dll+0x83d850]
V  [jvm.dll+0x7e64ca]
V  [jvm.dll+0x677955]
C  [ucrtbase.dll+0x29363]
C  [KERNEL32.DLL+0x1257d]
C  [ntdll.dll+0x5aa78]

VM_Operation (0x000000cf7f6fefb0): G1CollectFull, mode: safepoint, requested by thread 0x000002af3ba45840


---------------  P R O C E S S  ---------------

Threads class SMR info:
_java_thread_list=0x000002af3c969f30, length=27, elements={
0x000002af35feb1c0, 0x000002af35feba90, 0x000002af3a063130, 0x000002af3a063a00,
0x000002af3a0642d0, 0x000002af3a066bb0, 0x000002af3a067530, 0x000002af3a08fd30,
0x000002af3a2611c0, 0x000002af3a26dc30, 0x000002af3aad2040, 0x000002af3ba45840,
0x000002af3ba167a0, 0x000002af2b170f10, 0x000002af3ac3c540, 0x000002af3ab73470,
0x000002af3ab6b0e0, 0x000002af3ab69790, 0x000002af3ab6c010, 0x000002af3ab68860,
0x000002af3ab69280, 0x000002af3ab68d70, 0x000002af3ab6a1b0, 0x000002af3ab6a6c0,
0x000002af3bb9a070, 0x000002af3bb963b0, 0x000002af3bb97d00
}

Java Threads: ( => current thread )
  0x000002af35feb1c0 JavaThread "Reference Handler" daemon [_thread_blocked, id=19040, stack(0x000000cf7df00000,0x000000cf7e000000)]
  0x000002af35feba90 JavaThread "Finalizer" daemon [_thread_blocked, id=18500, stack(0x000000cf7e000000,0x000000cf7e100000)]
  0x000002af3a063130 JavaThread "Signal Dispatcher" daemon [_thread_blocked, id=18256, stack(0x000000cf7e100000,0x000000cf7e200000)]
  0x000002af3a063a00 JavaThread "Attach Listener" daemon [_thread_blocked, id=8788, stack(0x000000cf7e200000,0x000000cf7e300000)]
  0x000002af3a0642d0 JavaThread "Service Thread" daemon [_thread_blocked, id=21720, stack(0x000000cf7e300000,0x000000cf7e400000)]
  0x000002af3a066bb0 JavaThread "Monitor Deflation Thread" daemon [_thread_blocked, id=18160, stack(0x000000cf7e400000,0x000000cf7e500000)]
  0x000002af3a067530 JavaThread "C1 CompilerThread0" daemon [_thread_blocked, id=17044, stack(0x000000cf7e500000,0x000000cf7e600000)]
  0x000002af3a08fd30 JavaThread "Sweeper thread" daemon [_thread_blocked, id=16752, stack(0x000000cf7e600000,0x000000cf7e700000)]
  0x000002af3a2611c0 JavaThread "Notification Thread" daemon [_thread_blocked, id=1900, stack(0x000000cf7e700000,0x000000cf7e800000)]
  0x000002af3a26dc30 JavaThread "Common-Cleaner" daemon [_thread_blocked, id=7532, stack(0x000000cf7e900000,0x000000cf7ea00000)]
  0x000002af3aad2040 JavaThread "boundedElastic-evictor-1" daemon [_thread_blocked, id=21516, stack(0x000000cf7f400000,0x000000cf7f500000)]
  0x000002af3ba45840 JavaThread "pool-11-thread-1" [_thread_blocked, id=6976, stack(0x000000cf7f600000,0x000000cf7f700000)]
  0x000002af3ba167a0 JavaThread "LanguageServerApp-lifecycle" [_thread_blocked, id=19428, stack(0x000000cf7f700000,0x000000cf7f800000)]
  0x000002af2b170f10 JavaThread "DestroyJavaVM" [_thread_blocked, id=19636, stack(0x000000cf7d800000,0x000000cf7d900000)]
  0x000002af3ac3c540 JavaThread "pool-12-thread-1" [_thread_in_native, id=10864, stack(0x000000cf7f800000,0x000000cf7f900000)]
  0x000002af3ab73470 JavaThread "Simple-Language-Server main thread" daemon [_thread_blocked, id=4372, stack(0x000000cf7f900000,0x000000cf7fa00000)]
  0x000002af3ab6b0e0 JavaThread "parallel-1" daemon [_thread_blocked, id=10464, stack(0x000000cf7fd00000,0x000000cf7fe00000)]
  0x000002af3ab69790 JavaThread "pool-5-thread-1" [_thread_blocked, id=13800, stack(0x000000cf7fe00000,0x000000cf7ff00000)]
  0x000002af3ab6c010 JavaThread "parallel-2" daemon [_thread_blocked, id=21148, stack(0x000000cf7ff00000,0x000000cf80000000)]
  0x000002af3ab68860 JavaThread "parallel-3" daemon [_thread_blocked, id=332, stack(0x000000cf00000000,0x000000cf00100000)]
  0x000002af3ab69280 JavaThread "Reconciler-1" daemon [_thread_blocked, id=21636, stack(0x000000cf00300000,0x000000cf00400000)]
  0x000002af3ab68d70 JavaThread "parallel-4" daemon [_thread_blocked, id=16308, stack(0x000000cf00400000,0x000000cf00500000)]
  0x000002af3ab6a1b0 JavaThread "parallel-5" daemon [_thread_blocked, id=4044, stack(0x000000cf00600000,0x000000cf00700000)]
  0x000002af3ab6a6c0 JavaThread "parallel-6" daemon [_thread_blocked, id=6476, stack(0x000000cf00700000,0x000000cf00800000)]
  0x000002af3bb9a070 JavaThread "parallel-7" daemon [_thread_blocked, id=21908, stack(0x000000cf00900000,0x000000cf00a00000)]
  0x000002af3bb963b0 JavaThread "parallel-8" daemon [_thread_blocked, id=18816, stack(0x000000cf00a00000,0x000000cf00b00000)]
  0x000002af3bb97d00 JavaThread "pool-7-thread-1" [_thread_blocked, id=9584, stack(0x000000cf00b00000,0x000000cf00c00000)]

Other Threads:
=>0x000002af35fbfc90 VMThread "VM Thread" [stack: 0x000000cf7de00000,0x000000cf7df00000] [id=19752]
  0x000002af3a2656b0 WatcherThread [stack: 0x000000cf7e800000,0x000000cf7e900000] [id=11528]
  0x000002af2b1ad840 GCTaskThread "GC Thread#0" [stack: 0x000000cf7d900000,0x000000cf7da00000] [id=23100]
  0x000002af3acf7c70 GCTaskThread "GC Thread#1" [stack: 0x000000cf7ed00000,0x000000cf7ee00000] [id=21060]
  0x000002af3a710a30 GCTaskThread "GC Thread#2" [stack: 0x000000cf7ee00000,0x000000cf7ef00000] [id=6084]
  0x000002af3a710cf0 GCTaskThread "GC Thread#3" [stack: 0x000000cf7ef00000,0x000000cf7f000000] [id=5620]
  0x000002af3a710fb0 GCTaskThread "GC Thread#4" [stack: 0x000000cf7f000000,0x000000cf7f100000] [id=23376]
  0x000002af3a711270 GCTaskThread "GC Thread#5" [stack: 0x000000cf7f100000,0x000000cf7f200000] [id=19856]
  0x000002af3b0bbfa0 GCTaskThread "GC Thread#6" [stack: 0x000000cf7f200000,0x000000cf7f300000] [id=21736]
  0x000002af3b1634c0 GCTaskThread "GC Thread#7" [stack: 0x000000cf7f300000,0x000000cf7f400000] [id=22760]
  0x000002af2b1b96b0 ConcurrentGCThread "G1 Main Marker" [stack: 0x000000cf7da00000,0x000000cf7db00000] [id=5248]
  0x000002af2b1b9fd0 ConcurrentGCThread "G1 Conc#0" [stack: 0x000000cf7db00000,0x000000cf7dc00000] [id=22808]
  0x000002af3b28abe0 ConcurrentGCThread "G1 Conc#1" [stack: 0x000000cf7f500000,0x000000cf7f600000] [id=2424]
  0x000002af2b21eb10 ConcurrentGCThread "G1 Refine#0" [stack: 0x000000cf7dc00000,0x000000cf7dd00000] [id=1776]
  0x000002af35e666d0 ConcurrentGCThread "G1 Service" [stack: 0x000000cf7dd00000,0x000000cf7de00000] [id=20692]

Threads with active compile tasks:

VM state: at safepoint (normal execution)

VM Mutex/Monitor currently owned by a thread:  ([mutex/lock_event])
[0x000002af28fea820] Threads_lock - owner thread: 0x000002af35fbfc90
[0x000002af28fe79c0] Heap_lock - owner thread: 0x000002af3ba45840

Heap address: 0x00000000c0000000, size: 1024 MB, Compressed Oops mode: 32-bit

CDS archive(s) not mapped
Compressed class space mapped at: 0x0000000100000000-0x0000000140000000, reserved size: 1073741824
Narrow klass base: 0x0000000000000000, Narrow klass shift: 3, Narrow klass range: 0x140000000

GC Precious Log:
 CPUs: 8 total, 8 available
 Memory: 16078M
 Large Page Support: Disabled
 NUMA Support: Disabled
 Compressed Oops: Enabled (32-bit)
 Heap Region Size: 1M
 Heap Min Capacity: 8M
 Heap Initial Capacity: 252M
 Heap Max Capacity: 1G
 Pre-touch: Disabled
 Parallel Workers: 8
 Concurrent Workers: 2
 Concurrent Refinement Workers: 8
 Periodic GC: Disabled

Heap:
 garbage-first heap   total 92160K, used 32030K [0x00000000c0000000, 0x0000000100000000)
  region size 1024K, 1 young (1024K), 0 survivors (0K)
 Metaspace       used 57204K, committed 57600K, reserved 1114112K
  class space    used 7319K, committed 7488K, reserved 1048576K

Heap Regions: E=young(eden), S=young(survivor), O=old, HS=humongous(starts), HC=humongous(continues), CS=collection set, F=free, OA=open archive, CA=closed archive, TAMS=top-at-mark-start (previous, next)
|   0|0x00000000c0000000, 0x00000000c00fa550, 0x00000000c0100000| 97%| O|  |TAMS 0x00000000c00fa550, 0x00000000c0000000| Untracked 
|   1|0x00000000c0100000, 0x00000000c0200000, 0x00000000c0200000|100%| O|  |TAMS 0x00000000c0200000, 0x00000000c0100000| Untracked 
|   2|0x00000000c0200000, 0x00000000c0300000, 0x00000000c0300000|100%| O|  |TAMS 0x00000000c0300000, 0x00000000c0200000| Untracked 
|   3|0x00000000c0300000, 0x00000000c03fffe0, 0x00000000c0400000| 99%| O|  |TAMS 0x00000000c03fffe0, 0x00000000c0300000| Untracked 
|   4|0x00000000c0400000, 0x00000000c0500000, 0x00000000c0500000|100%| O|  |TAMS 0x00000000c0500000, 0x00000000c0400000| Untracked 
|   5|0x00000000c0500000, 0x00000000c05ffff8, 0x00000000c0600000| 99%| O|  |TAMS 0x00000000c05ffff8, 0x00000000c0500000| Untracked 
|   6|0x00000000c0600000, 0x00000000c06ffff8, 0x00000000c0700000| 99%| O|  |TAMS 0x00000000c06ffff8, 0x00000000c0600000| Untracked 
|   7|0x00000000c0700000, 0x00000000c0800000, 0x00000000c0800000|100%| O|  |TAMS 0x00000000c0800000, 0x00000000c0700000| Untracked 
|   8|0x00000000c0800000, 0x00000000c08ffff0, 0x00000000c0900000| 99%| O|  |TAMS 0x00000000c08ffff0, 0x00000000c0800000| Untracked 
|   9|0x00000000c0900000, 0x00000000c09fff18, 0x00000000c0a00000| 99%| O|  |TAMS 0x00000000c09fff18, 0x00000000c0900000| Untracked 
|  10|0x00000000c0a00000, 0x00000000c0afffe8, 0x00000000c0b00000| 99%| O|  |TAMS 0x00000000c0afffe8, 0x00000000c0a00000| Untracked 
|  11|0x00000000c0b00000, 0x00000000c0bffff8, 0x00000000c0c00000| 99%| O|  |TAMS 0x00000000c0bffff8, 0x00000000c0b00000| Untracked 
|  12|0x00000000c0c00000, 0x00000000c0cfffe8, 0x00000000c0d00000| 99%| O|  |TAMS 0x00000000c0cfffe8, 0x00000000c0c00000| Untracked 
|  13|0x00000000c0d00000, 0x00000000c0dfffe8, 0x00000000c0e00000| 99%| O|  |TAMS 0x00000000c0dfffe8, 0x00000000c0d00000| Untracked 
|  14|0x00000000c0e00000, 0x00000000c0efffd8, 0x00000000c0f00000| 99%| O|  |TAMS 0x00000000c0efffd8, 0x00000000c0e00000| Untracked 
|  15|0x00000000c0f00000, 0x00000000c0fffff8, 0x00000000c1000000| 99%| O|  |TAMS 0x00000000c0fffff8, 0x00000000c0f00000| Untracked 
|  16|0x00000000c1000000, 0x00000000c10fffa8, 0x00000000c1100000| 99%| O|  |TAMS 0x00000000c10fffa8, 0x00000000c1000000| Untracked 
|  17|0x00000000c1100000, 0x00000000c11ffd60, 0x00000000c1200000| 99%| O|  |TAMS 0x00000000c11ffd60, 0x00000000c1100000| Untracked 
|  18|0x00000000c1200000, 0x00000000c12fffd0, 0x00000000c1300000| 99%| O|  |TAMS 0x00000000c12fffd0, 0x00000000c1200000| Untracked 
|  19|0x00000000c1300000, 0x00000000c1400000, 0x00000000c1400000|100%| O|  |TAMS 0x00000000c1400000, 0x00000000c1300000| Untracked 
|  20|0x00000000c1400000, 0x00000000c14fffe8, 0x00000000c1500000| 99%| O|  |TAMS 0x00000000c14fffe8, 0x00000000c1400000| Untracked 
|  21|0x00000000c1500000, 0x00000000c15fe7f0, 0x00000000c1600000| 99%| O|  |TAMS 0x00000000c15fe7f0, 0x00000000c1500000| Untracked 
|  22|0x00000000c1600000, 0x00000000c16ffff0, 0x00000000c1700000| 99%| O|  |TAMS 0x00000000c16ffff0, 0x00000000c1600000| Untracked 
|  23|0x00000000c1700000, 0x00000000c17ffff0, 0x00000000c1800000| 99%| O|  |TAMS 0x00000000c17ffff0, 0x00000000c1700000| Untracked 
|  24|0x00000000c1800000, 0x00000000c18ffff8, 0x00000000c1900000| 99%| O|  |TAMS 0x00000000c18ffff8, 0x00000000c1800000| Untracked 
|  25|0x00000000c1900000, 0x00000000c19f26d0, 0x00000000c1a00000| 94%| O|  |TAMS 0x00000000c1900000, 0x00000000c1900000| Untracked 
|  26|0x00000000c1a00000, 0x00000000c1af3e28, 0x00000000c1b00000| 95%| O|  |TAMS 0x00000000c1af3e28, 0x00000000c1a00000| Untracked 
|  27|0x00000000c1b00000, 0x00000000c1c00000, 0x00000000c1c00000|100%|HS|  |TAMS 0x00000000c1c00000, 0x00000000c1b00000| Untracked 
|  28|0x00000000c1c00000, 0x00000000c1cffd20, 0x00000000c1d00000| 99%| O|  |TAMS 0x00000000c1cffd20, 0x00000000c1c00000| Untracked 
|  29|0x00000000c1d00000, 0x00000000c1dffff8, 0x00000000c1e00000| 99%| O|  |TAMS 0x00000000c1dffff8, 0x00000000c1d00000| Untracked 
|  30|0x00000000c1e00000, 0x00000000c1e68ea0, 0x00000000c1f00000| 40%| O|  |TAMS 0x00000000c1e00000, 0x00000000c1e00000| Untracked 
|  31|0x00000000c1f00000, 0x00000000c1f00000, 0x00000000c2000000|  0%| F|  |TAMS 0x00000000c1f00000, 0x00000000c1f00000| Untracked 
|  32|0x00000000c2000000, 0x00000000c2000000, 0x00000000c2100000|  0%| F|  |TAMS 0x00000000c2000000, 0x00000000c2000000| Untracked 
|  33|0x00000000c2100000, 0x00000000c2100000, 0x00000000c2200000|  0%| F|  |TAMS 0x00000000c2100000, 0x00000000c2100000| Untracked 
|  34|0x00000000c2200000, 0x00000000c2200000, 0x00000000c2300000|  0%| F|  |TAMS 0x00000000c2200000, 0x00000000c2200000| Untracked 
|  35|0x00000000c2300000, 0x00000000c2300000, 0x00000000c2400000|  0%| F|  |TAMS 0x00000000c2300000, 0x00000000c2300000| Untracked 
|  36|0x00000000c2400000, 0x00000000c2400000, 0x00000000c2500000|  0%| F|  |TAMS 0x00000000c2400000, 0x00000000c2400000| Untracked 
|  37|0x00000000c2500000, 0x00000000c2500000, 0x00000000c2600000|  0%| F|  |TAMS 0x00000000c2500000, 0x00000000c2500000| Untracked 
|  38|0x00000000c2600000, 0x00000000c2600000, 0x00000000c2700000|  0%| F|  |TAMS 0x00000000c2600000, 0x00000000c2600000| Untracked 
|  39|0x00000000c2700000, 0x00000000c2700000, 0x00000000c2800000|  0%| F|  |TAMS 0x00000000c2700000, 0x00000000c2700000| Untracked 
|  40|0x00000000c2800000, 0x00000000c2800000, 0x00000000c2900000|  0%| F|  |TAMS 0x00000000c2800000, 0x00000000c2800000| Untracked 
|  41|0x00000000c2900000, 0x00000000c2900000, 0x00000000c2a00000|  0%| F|  |TAMS 0x00000000c2900000, 0x00000000c2900000| Untracked 
|  42|0x00000000c2a00000, 0x00000000c2a00000, 0x00000000c2b00000|  0%| F|  |TAMS 0x00000000c2a00000, 0x00000000c2a00000| Untracked 
|  43|0x00000000c2b00000, 0x00000000c2b00000, 0x00000000c2c00000|  0%| F|  |TAMS 0x00000000c2b00000, 0x00000000c2b00000| Untracked 
|  44|0x00000000c2c00000, 0x00000000c2c00000, 0x00000000c2d00000|  0%| F|  |TAMS 0x00000000c2c00000, 0x00000000c2c00000| Untracked 
|  45|0x00000000c2d00000, 0x00000000c2e00000, 0x00000000c2e00000|100%| O|  |TAMS 0x00000000c2e00000, 0x00000000c2d00000| Untracked 
|  46|0x00000000c2e00000, 0x00000000c2e00000, 0x00000000c2f00000|  0%| F|  |TAMS 0x00000000c2e00000, 0x00000000c2e00000| Untracked 
|  47|0x00000000c2f00000, 0x00000000c2f00000, 0x00000000c3000000|  0%| F|  |TAMS 0x00000000c2f00000, 0x00000000c2f00000| Untracked 
|  48|0x00000000c3000000, 0x00000000c3000000, 0x00000000c3100000|  0%| F|  |TAMS 0x00000000c3000000, 0x00000000c3000000| Untracked 
|  49|0x00000000c3100000, 0x00000000c3100000, 0x00000000c3200000|  0%| F|  |TAMS 0x00000000c3100000, 0x00000000c3100000| Untracked 
|  50|0x00000000c3200000, 0x00000000c3200000, 0x00000000c3300000|  0%| F|  |TAMS 0x00000000c3200000, 0x00000000c3200000| Untracked 
|  51|0x00000000c3300000, 0x00000000c3300000, 0x00000000c3400000|  0%| F|  |TAMS 0x00000000c3300000, 0x00000000c3300000| Untracked 
|  52|0x00000000c3400000, 0x00000000c3400000, 0x00000000c3500000|  0%| F|  |TAMS 0x00000000c3400000, 0x00000000c3400000| Untracked 
|  53|0x00000000c3500000, 0x00000000c3500000, 0x00000000c3600000|  0%| F|  |TAMS 0x00000000c3500000, 0x00000000c3500000| Untracked 
|  54|0x00000000c3600000, 0x00000000c3600000, 0x00000000c3700000|  0%| F|  |TAMS 0x00000000c3600000, 0x00000000c3600000| Untracked 
|  55|0x00000000c3700000, 0x00000000c3700000, 0x00000000c3800000|  0%| F|  |TAMS 0x00000000c3700000, 0x00000000c3700000| Untracked 
|  56|0x00000000c3800000, 0x00000000c3800000, 0x00000000c3900000|  0%| F|  |TAMS 0x00000000c3800000, 0x00000000c3800000| Untracked 
|  57|0x00000000c3900000, 0x00000000c3900000, 0x00000000c3a00000|  0%| F|  |TAMS 0x00000000c3900000, 0x00000000c3900000| Untracked 
|  58|0x00000000c3a00000, 0x00000000c3a00000, 0x00000000c3b00000|  0%| F|  |TAMS 0x00000000c3a00000, 0x00000000c3a00000| Untracked 
|  59|0x00000000c3b00000, 0x00000000c3b00000, 0x00000000c3c00000|  0%| F|  |TAMS 0x00000000c3b00000, 0x00000000c3b00000| Untracked 
|  60|0x00000000c3c00000, 0x00000000c3c00000, 0x00000000c3d00000|  0%| F|  |TAMS 0x00000000c3c00000, 0x00000000c3c00000| Untracked 
|  61|0x00000000c3d00000, 0x00000000c3d00000, 0x00000000c3e00000|  0%| F|  |TAMS 0x00000000c3d00000, 0x00000000c3d00000| Untracked 
|  62|0x00000000c3e00000, 0x00000000c3e00000, 0x00000000c3f00000|  0%| F|  |TAMS 0x00000000c3e00000, 0x00000000c3e00000| Untracked 
|  63|0x00000000c3f00000, 0x00000000c3f00000, 0x00000000c4000000|  0%| F|  |TAMS 0x00000000c3f00000, 0x00000000c3f00000| Untracked 
|  64|0x00000000c4000000, 0x00000000c4000000, 0x00000000c4100000|  0%| F|  |TAMS 0x00000000c4000000, 0x00000000c4000000| Untracked 
|  65|0x00000000c4100000, 0x00000000c4100000, 0x00000000c4200000|  0%| F|  |TAMS 0x00000000c4100000, 0x00000000c4100000| Untracked 
|  66|0x00000000c4200000, 0x00000000c4200000, 0x00000000c4300000|  0%| F|  |TAMS 0x00000000c4200000, 0x00000000c4200000| Untracked 
|  67|0x00000000c4300000, 0x00000000c4300000, 0x00000000c4400000|  0%| F|  |TAMS 0x00000000c4300000, 0x00000000c4300000| Untracked 
|  68|0x00000000c4400000, 0x00000000c4400000, 0x00000000c4500000|  0%| F|  |TAMS 0x00000000c4400000, 0x00000000c4400000| Untracked 
|  69|0x00000000c4500000, 0x00000000c4500000, 0x00000000c4600000|  0%| F|  |TAMS 0x00000000c4500000, 0x00000000c4500000| Untracked 
|  70|0x00000000c4600000, 0x00000000c4600000, 0x00000000c4700000|  0%| F|  |TAMS 0x00000000c4600000, 0x00000000c4600000| Untracked 
|  71|0x00000000c4700000, 0x00000000c4700000, 0x00000000c4800000|  0%| F|  |TAMS 0x00000000c4700000, 0x00000000c4700000| Untracked 
|  72|0x00000000c4800000, 0x00000000c4800000, 0x00000000c4900000|  0%| F|  |TAMS 0x00000000c4800000, 0x00000000c4800000| Untracked 
|  73|0x00000000c4900000, 0x00000000c4900000, 0x00000000c4a00000|  0%| F|  |TAMS 0x00000000c4900000, 0x00000000c4900000| Untracked 
|  74|0x00000000c4a00000, 0x00000000c4a00000, 0x00000000c4b00000|  0%| F|  |TAMS 0x00000000c4a00000, 0x00000000c4a00000| Untracked 
|  75|0x00000000c4b00000, 0x00000000c4b00000, 0x00000000c4c00000|  0%| F|  |TAMS 0x00000000c4b00000, 0x00000000c4b00000| Untracked 
|  76|0x00000000c4c00000, 0x00000000c4c00000, 0x00000000c4d00000|  0%| F|  |TAMS 0x00000000c4c00000, 0x00000000c4c00000| Untracked 
|  77|0x00000000c4d00000, 0x00000000c4d00000, 0x00000000c4e00000|  0%| F|  |TAMS 0x00000000c4d00000, 0x00000000c4d00000| Untracked 
|  78|0x00000000c4e00000, 0x00000000c4e00000, 0x00000000c4f00000|  0%| F|  |TAMS 0x00000000c4e00000, 0x00000000c4e00000| Untracked 
|  79|0x00000000c4f00000, 0x00000000c4f00000, 0x00000000c5000000|  0%| F|  |TAMS 0x00000000c4f00000, 0x00000000c4f00000| Untracked 
|  80|0x00000000c5000000, 0x00000000c5000000, 0x00000000c5100000|  0%| F|  |TAMS 0x00000000c5000000, 0x00000000c5000000| Untracked 
|  81|0x00000000c5100000, 0x00000000c5100000, 0x00000000c5200000|  0%| F|  |TAMS 0x00000000c5100000, 0x00000000c5100000| Untracked 
|  82|0x00000000c5200000, 0x00000000c5200000, 0x00000000c5300000|  0%| F|  |TAMS 0x00000000c5200000, 0x00000000c5200000| Untracked 
|  83|0x00000000c5300000, 0x00000000c5300000, 0x00000000c5400000|  0%| F|  |TAMS 0x00000000c5300000, 0x00000000c5300000| Untracked 
|  84|0x00000000c5400000, 0x00000000c5400000, 0x00000000c5500000|  0%| F|  |TAMS 0x00000000c5400000, 0x00000000c5400000| Untracked 
|  85|0x00000000c5500000, 0x00000000c5500000, 0x00000000c5600000|  0%| F|  |TAMS 0x00000000c5500000, 0x00000000c5500000| Untracked 
|  86|0x00000000c5600000, 0x00000000c5600000, 0x00000000c5700000|  0%| F|  |TAMS 0x00000000c5600000, 0x00000000c5600000| Untracked 
|  87|0x00000000c5700000, 0x00000000c5700000, 0x00000000c5800000|  0%| F|  |TAMS 0x00000000c5700000, 0x00000000c5700000| Untracked 
|  88|0x00000000c5800000, 0x00000000c5800000, 0x00000000c5900000|  0%| F|  |TAMS 0x00000000c5800000, 0x00000000c5800000| Untracked 
|  89|0x00000000c5900000, 0x00000000c59059f8, 0x00000000c5a00000|  2%| E|  |TAMS 0x00000000c5900000, 0x00000000c5900000| Complete 

Card table byte_map: [0x000002af31100000,0x000002af31300000] _byte_map_base: 0x000002af30b00000

Marking Bits (Prev, Next): (CMBitMap*) 0x000002af2b1b0dc0, (CMBitMap*) 0x000002af2b1b0d80
 Prev Bits: [0x000002af32500000, 0x000002af33500000)
 Next Bits: [0x000002af31500000, 0x000002af32500000)

Polling page: 0x000002af2a920000

Metaspace:

Usage:
  Non-class:     48.72 MB used.
      Class:      7.15 MB used.
       Both:     55.86 MB used.

Virtual space:
  Non-class space:       64.00 MB reserved,      48.94 MB ( 76%) committed,  1 nodes.
      Class space:        1.00 GB reserved,       7.31 MB ( <1%) committed,  1 nodes.
             Both:        1.06 GB reserved,      56.25 MB (  5%) committed. 

Chunk freelists:
   Non-Class:  14.35 MB
       Class:  8.64 MB
        Both:  22.99 MB

MaxMetaspaceSize: unlimited
CompressedClassSpaceSize: 1.00 GB
Initial GC threshold: 21.00 MB
Current GC threshold: 93.56 MB
CDS: off
MetaspaceReclaimPolicy: balanced
 - commit_granule_bytes: 65536.
 - commit_granule_words: 8192.
 - virtual_space_node_default_size: 8388608.
 - enlarge_chunks_in_place: 1.
 - new_chunks_are_fully_committed: 0.
 - uncommit_free_chunks: 1.
 - use_allocation_guard: 0.
 - handle_deallocations: 1.


Internal statistics:

num_allocs_failed_limit: 8.
num_arena_births: 822.
num_arena_deaths: 334.
num_vsnodes_births: 2.
num_vsnodes_deaths: 0.
num_space_committed: 900.
num_space_uncommitted: 0.
num_chunks_returned_to_freelist: 402.
num_chunks_taken_from_freelist: 2713.
num_chunk_merges: 124.
num_chunk_splits: 1755.
num_chunks_enlarged: 1314.
num_inconsistent_stats: 0.

CodeCache: size=49152Kb used=14958Kb max_used=16536Kb free=34193Kb
 bounds [0x000002af2dde0000, 0x000002af2ef20000, 0x000002af30de0000]
 total_blobs=8714 nmethods=8057 adapters=584
 compilation: enabled
              stopped_count=0, restarted_count=0
 full_count=0

Compilation events (20 events):
Event: 6773.841 Thread 0x000002af3a067530 8049       1       com.google.common.collect.ImmutableMapEntry$NonTerminalImmutableMapEntry::getNextInKeyBucket (5 bytes)
Event: 6773.841 Thread 0x000002af3a067530 nmethod 8049 0x000002af2edd5910 code [0x000002af2edd5aa0, 0x000002af2edd5b78]
Event: 6774.301 Thread 0x000002af3a067530 8050       1       org.springframework.ide.vscode.commons.util.text.Region::getOffset (5 bytes)
Event: 6774.301 Thread 0x000002af3a067530 nmethod 8050 0x000002af2edd5610 code [0x000002af2edd57a0, 0x000002af2edd5878]
Event: 6810.844 Thread 0x000002af3a067530 8051       1       org.springframework.ide.vscode.commons.util.text.linetracker.TreeLineTracker::updateParentChain (57 bytes)
Event: 6810.844 Thread 0x000002af3a067530 nmethod 8051 0x000002af2edd5290 code [0x000002af2edd5420, 0x000002af2edd5538]
Event: 6811.587 Thread 0x000002af3a067530 8052       1       org.springframework.ide.vscode.commons.util.StringUtil::hasText (22 bytes)
Event: 6811.588 Thread 0x000002af3a067530 nmethod 8052 0x000002af2edd4e90 code [0x000002af2edd5040, 0x000002af2edd51a8]
Event: 6812.302 Thread 0x000002af3a067530 8053       1       java.util.concurrent.CompletableFuture::isCancelled (31 bytes)
Event: 6812.303 Thread 0x000002af3a067530 nmethod 8053 0x000002af2edd4a90 code [0x000002af2edd4c20, 0x000002af2edd4db8]
Event: 9100.905 Thread 0x000002af3a067530 8054   !   1       jdk.internal.reflect.GeneratedConstructorAccessor37::newInstance (49 bytes)
Event: 9100.906 Thread 0x000002af3a067530 nmethod 8054 0x000002af2edd4490 code [0x000002af2edd4640, 0x000002af2edd48a8]
Event: 9465.288 Thread 0x000002af3a067530 8055       1       org.springframework.ide.vscode.boot.properties.reconcile.SpringPropertiesReconcileEngine$$Lambda$1029/0x0000000100748f98::test (8 bytes)
Event: 9465.289 Thread 0x000002af3a067530 nmethod 8055 0x000002af2edd4090 code [0x000002af2edd4220, 0x000002af2edd4418]
Event: 9465.289 Thread 0x000002af3a067530 8056       1       org.springframework.ide.vscode.boot.properties.reconcile.SpringPropertiesReconcileEngine::lambda$reconcile$1 (20 bytes)
Event: 9465.289 Thread 0x000002af3a067530 nmethod 8056 0x000002af2edd3d10 code [0x000002af2edd3ea0, 0x000002af2edd4018]
Event: 9465.293 Thread 0x000002af3a067530 8057       1       org.springframework.ide.vscode.boot.metadata.types.TypeUtil::isSequencable (6 bytes)
Event: 9465.294 Thread 0x000002af3a067530 nmethod 8057 0x000002af2edd3790 code [0x000002af2edd3940, 0x000002af2edd3b48]
Event: 9465.294 Thread 0x000002af3a067530 8058       1       org.springframework.ide.vscode.boot.metadata.types.TypeUtil::isIndexable (35 bytes)
Event: 9465.294 Thread 0x000002af3a067530 nmethod 8058 0x000002af2edd3210 code [0x000002af2edd33c0, 0x000002af2edd35c8]

GC Heap History (20 events):
Event: 11953.791 GC heap before
{Heap before GC invocations=1040 (full 1016):
 garbage-first heap   total 92160K, used 32030K [0x00000000c0000000, 0x0000000100000000)
  region size 1024K, 1 young (1024K), 0 survivors (0K)
 Metaspace       used 57204K, committed 57600K, reserved 1114112K
  class space    used 7319K, committed 7488K, reserved 1048576K
}
Event: 11953.826 GC heap after
{Heap after GC invocations=1041 (full 1017):
 garbage-first heap   total 92160K, used 32030K [0x00000000c0000000, 0x0000000100000000)
  region size 1024K, 0 young (0K), 0 survivors (0K)
 Metaspace       used 57204K, committed 57600K, reserved 1114112K
  class space    used 7319K, committed 7488K, reserved 1048576K
}
Event: 11963.861 GC heap before
{Heap before GC invocations=1041 (full 1017):
 garbage-first heap   total 92160K, used 32030K [0x00000000c0000000, 0x0000000100000000)
  region size 1024K, 1 young (1024K), 0 survivors (0K)
 Metaspace       used 57204K, committed 57600K, reserved 1114112K
  class space    used 7319K, committed 7488K, reserved 1048576K
}
Event: 11963.890 GC heap after
{Heap after GC invocations=1042 (full 1018):
 garbage-first heap   total 92160K, used 32030K [0x00000000c0000000, 0x0000000100000000)
  region size 1024K, 0 young (0K), 0 survivors (0K)
 Metaspace       used 57204K, committed 57600K, reserved 1114112K
  class space    used 7319K, committed 7488K, reserved 1048576K
}
Event: 11973.933 GC heap before
{Heap before GC invocations=1042 (full 1018):
 garbage-first heap   total 92160K, used 32030K [0x00000000c0000000, 0x0000000100000000)
  region size 1024K, 1 young (1024K), 0 survivors (0K)
 Metaspace       used 57204K, committed 57600K, reserved 1114112K
  class space    used 7319K, committed 7488K, reserved 1048576K
}
Event: 11973.964 GC heap after
{Heap after GC invocations=1043 (full 1019):
 garbage-first heap   total 92160K, used 32030K [0x00000000c0000000, 0x0000000100000000)
  region size 1024K, 0 young (0K), 0 survivors (0K)
 Metaspace       used 57204K, committed 57600K, reserved 1114112K
  class space    used 7319K, committed 7488K, reserved 1048576K
}
Event: 11983.995 GC heap before
{Heap before GC invocations=1043 (full 1019):
 garbage-first heap   total 92160K, used 32030K [0x00000000c0000000, 0x0000000100000000)
  region size 1024K, 1 young (1024K), 0 survivors (0K)
 Metaspace       used 57204K, committed 57600K, reserved 1114112K
  class space    used 7319K, committed 7488K, reserved 1048576K
}
Event: 11984.027 GC heap after
{Heap after GC invocations=1044 (full 1020):
 garbage-first heap   total 92160K, used 32030K [0x00000000c0000000, 0x0000000100000000)
  region size 1024K, 0 young (0K), 0 survivors (0K)
 Metaspace       used 57204K, committed 57600K, reserved 1114112K
  class space    used 7319K, committed 7488K, reserved 1048576K
}
Event: 11994.072 GC heap before
{Heap before GC invocations=1044 (full 1020):
 garbage-first heap   total 92160K, used 32030K [0x00000000c0000000, 0x0000000100000000)
  region size 1024K, 1 young (1024K), 0 survivors (0K)
 Metaspace       used 57204K, committed 57600K, reserved 1114112K
  class space    used 7319K, committed 7488K, reserved 1048576K
}
Event: 11994.097 GC heap after
{Heap after GC invocations=1045 (full 1021):
 garbage-first heap   total 92160K, used 32030K [0x00000000c0000000, 0x0000000100000000)
  region size 1024K, 0 young (0K), 0 survivors (0K)
 Metaspace       used 57204K, committed 57600K, reserved 1114112K
  class space    used 7319K, committed 7488K, reserved 1048576K
}
Event: 12004.135 GC heap before
{Heap before GC invocations=1045 (full 1021):
 garbage-first heap   total 92160K, used 32030K [0x00000000c0000000, 0x0000000100000000)
  region size 1024K, 1 young (1024K), 0 survivors (0K)
 Metaspace       used 57204K, committed 57600K, reserved 1114112K
  class space    used 7319K, committed 7488K, reserved 1048576K
}
Event: 12004.163 GC heap after
{Heap after GC invocations=1046 (full 1022):
 garbage-first heap   total 92160K, used 32030K [0x00000000c0000000, 0x0000000100000000)
  region size 1024K, 0 young (0K), 0 survivors (0K)
 Metaspace       used 57204K, committed 57600K, reserved 1114112K
  class space    used 7319K, committed 7488K, reserved 1048576K
}
Event: 12014.205 GC heap before
{Heap before GC invocations=1046 (full 1022):
 garbage-first heap   total 92160K, used 32030K [0x00000000c0000000, 0x0000000100000000)
  region size 1024K, 1 young (1024K), 0 survivors (0K)
 Metaspace       used 57204K, committed 57600K, reserved 1114112K
  class space    used 7319K, committed 7488K, reserved 1048576K
}
Event: 12014.230 GC heap after
{Heap after GC invocations=1047 (full 1023):
 garbage-first heap   total 92160K, used 32030K [0x00000000c0000000, 0x0000000100000000)
  region size 1024K, 0 young (0K), 0 survivors (0K)
 Metaspace       used 57204K, committed 57600K, reserved 1114112K
  class space    used 7319K, committed 7488K, reserved 1048576K
}
Event: 12024.260 GC heap before
{Heap before GC invocations=1047 (full 1023):
 garbage-first heap   total 92160K, used 32030K [0x00000000c0000000, 0x0000000100000000)
  region size 1024K, 1 young (1024K), 0 survivors (0K)
 Metaspace       used 57204K, committed 57600K, reserved 1114112K
  class space    used 7319K, committed 7488K, reserved 1048576K
}
Event: 12024.289 GC heap after
{Heap after GC invocations=1048 (full 1024):
 garbage-first heap   total 92160K, used 32030K [0x00000000c0000000, 0x0000000100000000)
  region size 1024K, 0 young (0K), 0 survivors (0K)
 Metaspace       used 57204K, committed 57600K, reserved 1114112K
  class space    used 7319K, committed 7488K, reserved 1048576K
}
Event: 12034.344 GC heap before
{Heap before GC invocations=1048 (full 1024):
 garbage-first heap   total 92160K, used 32030K [0x00000000c0000000, 0x0000000100000000)
  region size 1024K, 1 young (1024K), 0 survivors (0K)
 Metaspace       used 57204K, committed 57600K, reserved 1114112K
  class space    used 7319K, committed 7488K, reserved 1048576K
}
Event: 12034.379 GC heap after
{Heap after GC invocations=1049 (full 1025):
 garbage-first heap   total 92160K, used 32030K [0x00000000c0000000, 0x0000000100000000)
  region size 1024K, 0 young (0K), 0 survivors (0K)
 Metaspace       used 57204K, committed 57600K, reserved 1114112K
  class space    used 7319K, committed 7488K, reserved 1048576K
}
Event: 12044.413 GC heap before
{Heap before GC invocations=1049 (full 1025):
 garbage-first heap   total 92160K, used 32030K [0x00000000c0000000, 0x0000000100000000)
  region size 1024K, 1 young (1024K), 0 survivors (0K)
 Metaspace       used 57204K, committed 57600K, reserved 1114112K
  class space    used 7319K, committed 7488K, reserved 1048576K
}
Event: 12044.449 GC heap after
{Heap after GC invocations=1050 (full 1026):
 garbage-first heap   total 92160K, used 32030K [0x00000000c0000000, 0x0000000100000000)
  region size 1024K, 0 young (0K), 0 survivors (0K)
 Metaspace       used 57204K, committed 57600K, reserved 1114112K
  class space    used 7319K, committed 7488K, reserved 1048576K
}

Dll operation events (9 events):
Event: 0.015 Loaded shared library c:\Users\Anurag Choudhary\.vscode\extensions\redhat.java-1.23.0-win32-x64\jre\17.0.8.1-win32-x86_64\bin\java.dll
Event: 0.646 Loaded shared library C:\Users\Anurag Choudhary\.vscode\extensions\redhat.java-1.23.0-win32-x64\jre\17.0.8.1-win32-x86_64\bin\net.dll
Event: 0.649 Loaded shared library C:\Users\Anurag Choudhary\.vscode\extensions\redhat.java-1.23.0-win32-x64\jre\17.0.8.1-win32-x86_64\bin\nio.dll
Event: 1.912 Loaded shared library C:\Users\Anurag Choudhary\.vscode\extensions\redhat.java-1.23.0-win32-x64\jre\17.0.8.1-win32-x86_64\bin\zip.dll
Event: 10.091 Loaded shared library C:\Users\Anurag Choudhary\.vscode\extensions\redhat.java-1.23.0-win32-x64\jre\17.0.8.1-win32-x86_64\bin\jimage.dll
Event: 14.775 Loaded shared library c:\Users\Anurag Choudhary\.vscode\extensions\redhat.java-1.23.0-win32-x64\jre\17.0.8.1-win32-x86_64\bin\verify.dll
Event: 16.099 Loaded shared library C:\Users\Anurag Choudhary\.vscode\extensions\redhat.java-1.23.0-win32-x64\jre\17.0.8.1-win32-x86_64\bin\management.dll
Event: 16.124 Loaded shared library C:\Users\Anurag Choudhary\.vscode\extensions\redhat.java-1.23.0-win32-x64\jre\17.0.8.1-win32-x86_64\bin\management_ext.dll
Event: 17.231 Loaded shared library C:\Users\Anurag Choudhary\.vscode\extensions\redhat.java-1.23.0-win32-x64\jre\17.0.8.1-win32-x86_64\bin\sunmscapi.dll

Deoptimization events (20 events):
Event: 5845.121 Thread 0x000002af3ab69790 DEOPT PACKING pc=0x000002af2eb565f8 sp=0x000000cf7fefcb30
Event: 5845.121 Thread 0x000002af3ab69790 DEOPT UNPACKING pc=0x000002af2de3ace3 sp=0x000000cf7fefbfe8 mode 3
Event: 5845.121 Thread 0x000002af3ab69790 DEOPT PACKING pc=0x000002af2eb57704 sp=0x000000cf7fefca40
Event: 5845.121 Thread 0x000002af3ab69790 DEOPT UNPACKING pc=0x000002af2de3ace3 sp=0x000000cf7fefbf20 mode 3
Event: 5845.657 Thread 0x000002af3ab69790 DEOPT PACKING pc=0x000002af2ec96936 sp=0x000000cf7fefc8f0
Event: 5845.657 Thread 0x000002af3ab69790 DEOPT UNPACKING pc=0x000002af2de3ace3 sp=0x000000cf7fefbde8 mode 3
Event: 5846.026 Thread 0x000002af3ab69790 DEOPT PACKING pc=0x000002af2e674b8c sp=0x000000cf7fefe650
Event: 5846.026 Thread 0x000002af3ab69790 DEOPT UNPACKING pc=0x000002af2de3ace3 sp=0x000000cf7fefdbb8 mode 0
Event: 5846.026 Thread 0x000002af3ab69790 DEOPT PACKING pc=0x000002af2e6ed14c sp=0x000000cf7fefe780
Event: 5846.026 Thread 0x000002af3ab69790 DEOPT UNPACKING pc=0x000002af2de3ace3 sp=0x000000cf7fefdc60 mode 0
Event: 5846.026 Thread 0x000002af3ab69790 DEOPT PACKING pc=0x000002af2e674b8c sp=0x000000cf7fefe8b0
Event: 5846.026 Thread 0x000002af3ab69790 DEOPT UNPACKING pc=0x000002af2de3ace3 sp=0x000000cf7fefde18 mode 0
Event: 5846.026 Thread 0x000002af3ab69790 DEOPT PACKING pc=0x000002af2e6ed14c sp=0x000000cf7fefe9e0
Event: 5846.026 Thread 0x000002af3ab69790 DEOPT UNPACKING pc=0x000002af2de3ace3 sp=0x000000cf7fefded8 mode 0
Event: 5846.038 Thread 0x000002af3ab69790 DEOPT PACKING pc=0x000002af2e674b8c sp=0x000000cf7fefed50
Event: 5846.038 Thread 0x000002af3ab69790 DEOPT UNPACKING pc=0x000002af2de3ace3 sp=0x000000cf7fefe2b8 mode 0
Event: 5846.038 Thread 0x000002af3ab69790 DEOPT PACKING pc=0x000002af2e6ed14c sp=0x000000cf7fefee80
Event: 5846.038 Thread 0x000002af3ab69790 DEOPT UNPACKING pc=0x000002af2de3ace3 sp=0x000000cf7fefe378 mode 0
Event: 6207.373 Thread 0x000002af3bb9bed0 DEOPT PACKING pc=0x000002af2ed01b20 sp=0x000000cf002fdf50
Event: 6207.373 Thread 0x000002af3bb9bed0 DEOPT UNPACKING pc=0x000002af2de3ace3 sp=0x000000cf002fd3d0 mode 3

Classes unloaded (20 events):
Event: 5931.321 Thread 0x000002af35fbfc90 Unloading class 0x0000000100404400 'java/lang/invoke/LambdaForm$MH+0x0000000100404400'
Event: 5931.321 Thread 0x000002af35fbfc90 Unloading class 0x00000001003a8800 'java/lang/invoke/LambdaForm$MH+0x00000001003a8800'
Event: 6252.148 Thread 0x000002af35fbfc90 Unloading class 0x000000010072d000 'java/lang/invoke/LambdaForm$MH+0x000000010072d000'
Event: 6252.148 Thread 0x000002af35fbfc90 Unloading class 0x00000001003a9800 'java/lang/invoke/LambdaForm$MH+0x00000001003a9800'
Event: 6252.148 Thread 0x000002af35fbfc90 Unloading class 0x000000010039cc00 'java/lang/invoke/LambdaForm$MH+0x000000010039cc00'
Event: 6252.148 Thread 0x000002af35fbfc90 Unloading class 0x000000010039c400 'java/lang/invoke/LambdaForm$MH+0x000000010039c400'
Event: 6252.148 Thread 0x000002af35fbfc90 Unloading class 0x00000001003a8800 'java/lang/invoke/LambdaForm$MH+0x00000001003a8800'
Event: 6252.148 Thread 0x000002af35fbfc90 Unloading class 0x0000000100404400 'java/lang/invoke/LambdaForm$MH+0x0000000100404400'
Event: 6252.148 Thread 0x000002af35fbfc90 Unloading class 0x0000000100406000 'java/lang/invoke/LambdaForm$MH+0x0000000100406000'
Event: 6252.148 Thread 0x000002af35fbfc90 Unloading class 0x00000001004e4400 'java/lang/invoke/LambdaForm$MH+0x00000001004e4400'
Event: 6252.148 Thread 0x000002af35fbfc90 Unloading class 0x000000010050c000 'java/lang/invoke/LambdaForm$MH+0x000000010050c000'
Event: 6252.148 Thread 0x000002af35fbfc90 Unloading class 0x000000010051a800 'java/lang/invoke/LambdaForm$MH+0x000000010051a800'
Event: 6332.337 Thread 0x000002af35fbfc90 Unloading class 0x000000010075e400 'java/lang/invoke/LambdaForm$MH+0x000000010075e400'
Event: 6332.337 Thread 0x000002af35fbfc90 Unloading class 0x000000010075e000 'java/lang/invoke/LambdaForm$MH+0x000000010075e000'
Event: 6332.337 Thread 0x000002af35fbfc90 Unloading class 0x000000010075dc00 'java/lang/invoke/LambdaForm$MH+0x000000010075dc00'
Event: 6332.337 Thread 0x000002af35fbfc90 Unloading class 0x000000010075d800 'java/lang/invoke/LambdaForm$MH+0x000000010075d800'
Event: 6332.337 Thread 0x000002af35fbfc90 Unloading class 0x000000010075d400 'java/lang/invoke/LambdaForm$MH+0x000000010075d400'
Event: 6332.337 Thread 0x000002af35fbfc90 Unloading class 0x000000010075d000 'java/lang/invoke/LambdaForm$MH+0x000000010075d000'
Event: 6332.337 Thread 0x000002af35fbfc90 Unloading class 0x00000001003ac800 'java/lang/invoke/LambdaForm$MH+0x00000001003ac800'
Event: 6332.337 Thread 0x000002af35fbfc90 Unloading class 0x000000010054a800 'java/lang/invoke/LambdaForm$MH+0x000000010054a800'

Classes redefined (0 events):
No events

Internal exceptions (20 events):
Event: 6289.647 Thread 0x000002af3ab69280 Exception <a 'sun/nio/fs/WindowsException'{0x00000000c4af86c0}> (0x00000000c4af86c0) 
thrown [s\src\hotspot\share\prims\jni.cpp, line 516]
Event: 6289.647 Thread 0x000002af3ab69280 Exception <a 'sun/nio/fs/WindowsException'{0x00000000c4af8fb8}> (0x00000000c4af8fb8) 
thrown [s\src\hotspot\share\prims\jni.cpp, line 516]
Event: 6289.647 Thread 0x000002af3ab69280 Exception <a 'sun/nio/fs/WindowsException'{0x00000000c4af9438}> (0x00000000c4af9438) 
thrown [s\src\hotspot\share\prims\jni.cpp, line 516]
Event: 6289.647 Thread 0x000002af3ab69280 Exception <a 'sun/nio/fs/WindowsException'{0x00000000c4afa468}> (0x00000000c4afa468) 
thrown [s\src\hotspot\share\prims\jni.cpp, line 516]
Event: 6289.648 Thread 0x000002af3ab69280 Exception <a 'sun/nio/fs/WindowsException'{0x00000000c4afa930}> (0x00000000c4afa930) 
thrown [s\src\hotspot\share\prims\jni.cpp, line 516]
Event: 6289.648 Thread 0x000002af3ab69280 Exception <a 'sun/nio/fs/WindowsException'{0x00000000c4afb718}> (0x00000000c4afb718) 
thrown [s\src\hotspot\share\prims\jni.cpp, line 516]
Event: 6289.648 Thread 0x000002af3ab69280 Exception <a 'sun/nio/fs/WindowsException'{0x00000000c4afc010}> (0x00000000c4afc010) 
thrown [s\src\hotspot\share\prims\jni.cpp, line 516]
Event: 6289.648 Thread 0x000002af3ab69280 Exception <a 'sun/nio/fs/WindowsException'{0x00000000c4afc490}> (0x00000000c4afc490) 
thrown [s\src\hotspot\share\prims\jni.cpp, line 516]
Event: 6289.648 Thread 0x000002af3ab69280 Exception <a 'sun/nio/fs/WindowsException'{0x00000000c4afd4c0}> (0x00000000c4afd4c0) 
thrown [s\src\hotspot\share\prims\jni.cpp, line 516]
Event: 6289.648 Thread 0x000002af3ab69280 Exception <a 'sun/nio/fs/WindowsException'{0x00000000c4afd988}> (0x00000000c4afd988) 
thrown [s\src\hotspot\share\prims\jni.cpp, line 516]
Event: 6289.731 Thread 0x000002af3ab69280 Exception <a 'sun/nio/fs/WindowsException'{0x00000000c51d5e50}> (0x00000000c51d5e50) 
thrown [s\src\hotspot\share\prims\jni.cpp, line 516]
Event: 6289.731 Thread 0x000002af3ab69280 Exception <a 'sun/nio/fs/WindowsException'{0x00000000c51d6748}> (0x00000000c51d6748) 
thrown [s\src\hotspot\share\prims\jni.cpp, line 516]
Event: 6289.731 Thread 0x000002af3ab69280 Exception <a 'sun/nio/fs/WindowsException'{0x00000000c51d6bc8}> (0x00000000c51d6bc8) 
thrown [s\src\hotspot\share\prims\jni.cpp, line 516]
Event: 6289.731 Thread 0x000002af3ab69280 Exception <a 'sun/nio/fs/WindowsException'{0x00000000c51d7bf8}> (0x00000000c51d7bf8) 
thrown [s\src\hotspot\share\prims\jni.cpp, line 516]
Event: 6289.731 Thread 0x000002af3ab69280 Exception <a 'sun/nio/fs/WindowsException'{0x00000000c51d80c0}> (0x00000000c51d80c0) 
thrown [s\src\hotspot\share\prims\jni.cpp, line 516]
Event: 6289.731 Thread 0x000002af3ab69280 Exception <a 'sun/nio/fs/WindowsException'{0x00000000c51d8e88}> (0x00000000c51d8e88) 
thrown [s\src\hotspot\share\prims\jni.cpp, line 516]
Event: 6289.731 Thread 0x000002af3ab69280 Exception <a 'sun/nio/fs/WindowsException'{0x00000000c51d9738}> (0x00000000c51d9738) 
thrown [s\src\hotspot\share\prims\jni.cpp, line 516]
Event: 6289.731 Thread 0x000002af3ab69280 Exception <a 'sun/nio/fs/WindowsException'{0x00000000c51d9ba0}> (0x00000000c51d9ba0) 
thrown [s\src\hotspot\share\prims\jni.cpp, line 516]
Event: 6289.731 Thread 0x000002af3ab69280 Exception <a 'sun/nio/fs/WindowsException'{0x00000000c51dabb8}> (0x00000000c51dabb8) 
thrown [s\src\hotspot\share\prims\jni.cpp, line 516]
Event: 6289.731 Thread 0x000002af3ab69280 Exception <a 'sun/nio/fs/WindowsException'{0x00000000c51db060}> (0x00000000c51db060) 
thrown [s\src\hotspot\share\prims\jni.cpp, line 516]

VM Operations (20 events):
Event: 11953.826 Executing VM operation: G1CollectFull done
Event: 11963.861 Executing VM operation: G1CollectFull
Event: 11963.890 Executing VM operation: G1CollectFull done
Event: 11973.933 Executing VM operation: G1CollectFull
Event: 11973.964 Executing VM operation: G1CollectFull done
Event: 11983.995 Executing VM operation: G1CollectFull
Event: 11984.027 Executing VM operation: G1CollectFull done
Event: 11994.071 Executing VM operation: G1CollectFull
Event: 11994.097 Executing VM operation: G1CollectFull done
Event: 12004.135 Executing VM operation: G1CollectFull
Event: 12004.163 Executing VM operation: G1CollectFull done
Event: 12014.205 Executing VM operation: G1CollectFull
Event: 12014.230 Executing VM operation: G1CollectFull done
Event: 12024.260 Executing VM operation: G1CollectFull
Event: 12024.289 Executing VM operation: G1CollectFull done
Event: 12034.344 Executing VM operation: G1CollectFull
Event: 12034.379 Executing VM operation: G1CollectFull done
Event: 12044.413 Executing VM operation: G1CollectFull
Event: 12044.449 Executing VM operation: G1CollectFull done
Event: 12054.471 Executing VM operation: G1CollectFull

Events (20 events):
Event: 6357.860 Thread 0x000002af3bb9bed0 Thread exited: 0x000002af3bb9bed0
Event: 6417.662 Thread 0x000002af3bb9aa90 Thread exited: 0x000002af3bb9aa90
Event: 6761.478 Thread 0x000002af3bb9bed0 Thread added: 0x000002af3bb9bed0
Event: 6761.480 Thread 0x000002af3bb968c0 Thread added: 0x000002af3bb968c0
Event: 6814.845 Thread 0x000002af3bb95ea0 Thread added: 0x000002af3bb95ea0
Event: 6871.341 Thread 0x000002af3bb968c0 Thread exited: 0x000002af3bb968c0
Event: 6874.854 Thread 0x000002af3bb95ea0 Thread exited: 0x000002af3bb95ea0
Event: 6892.008 Thread 0x000002af3bb9bed0 Thread exited: 0x000002af3bb9bed0
Event: 9100.905 Thread 0x000002af3bb968c0 Thread added: 0x000002af3bb968c0
Event: 9160.912 Thread 0x000002af3bb968c0 Thread exited: 0x000002af3bb968c0
Event: 9180.650 Thread 0x000002af3bb968c0 Thread added: 0x000002af3bb968c0
Event: 9240.656 Thread 0x000002af3bb968c0 Thread exited: 0x000002af3bb968c0
Event: 9366.932 Thread 0x000002af3bb98210 Thread added: 0x000002af3bb98210
Event: 9367.207 Thread 0x000002af3bb9a580 Thread added: 0x000002af3bb9a580
Event: 9427.217 Thread 0x000002af3bb9a580 Thread exited: 0x000002af3bb9a580
Event: 9465.041 Thread 0x000002af3bb99b60 Thread added: 0x000002af3bb99b60
Event: 9466.853 Thread 0x000002af3bb9afa0 Thread added: 0x000002af3bb9afa0
Event: 9525.048 Thread 0x000002af3bb99b60 Thread exited: 0x000002af3bb99b60
Event: 9526.862 Thread 0x000002af3bb9afa0 Thread exited: 0x000002af3bb9afa0
Event: 9533.718 Thread 0x000002af3bb98210 Thread exited: 0x000002af3bb98210


Dynamic libraries:
0x00007ff6f2d50000 - 0x00007ff6f2d5e000 	c:\Users\Anurag Choudhary\.vscode\extensions\redhat.java-1.23.0-win32-x64\jre\17.0.8.1-win32-x86_64\bin\java.exe
0x00007ff82e710000 - 0x00007ff82e927000 	C:\WINDOWS\SYSTEM32\ntdll.dll
0x00007ff82d5c0000 - 0x00007ff82d684000 	C:\WINDOWS\System32\KERNEL32.DLL
0x00007ff82bbb0000 - 0x00007ff82bf56000 	C:\WINDOWS\System32\KERNELBASE.dll
0x00007ff82ba90000 - 0x00007ff82bba1000 	C:\WINDOWS\System32\ucrtbase.dll
0x00007ff80c3e0000 - 0x00007ff80c3f7000 	c:\Users\Anurag Choudhary\.vscode\extensions\redhat.java-1.23.0-win32-x64\jre\17.0.8.1-win32-x86_64\bin\jli.dll
0x00007ff82e4a0000 - 0x00007ff82e64d000 	C:\WINDOWS\System32\USER32.dll
0x00007ff82c3d0000 - 0x00007ff82c3f6000 	C:\WINDOWS\System32\win32u.dll
0x00007ff82de80000 - 0x00007ff82dea9000 	C:\WINDOWS\System32\GDI32.dll
0x00007ff82c020000 - 0x00007ff82c138000 	C:\WINDOWS\System32\gdi32full.dll
0x00007ff82c2b0000 - 0x00007ff82c34a000 	C:\WINDOWS\System32\msvcp_win.dll
0x00007ff80f5e0000 - 0x00007ff80f5f9000 	c:\Users\Anurag Choudhary\.vscode\extensions\redhat.java-1.23.0-win32-x64\jre\17.0.8.1-win32-x86_64\bin\VCRUNTIME140.dll
0x00007ff81a800000 - 0x00007ff81aa93000 	C:\WINDOWS\WinSxS\amd64_microsoft.windows.common-controls_6595b64144ccf1df_6.0.22621.2361_none_2712ced57382f843\COMCTL32.dll
0x00007ff82e100000 - 0x00007ff82e1a7000 	C:\WINDOWS\System32\msvcrt.dll
0x00007ff82e1b0000 - 0x00007ff82e1e1000 	C:\WINDOWS\System32\IMM32.DLL
0x00007ff828e80000 - 0x00007ff828e8c000 	c:\Users\Anurag Choudhary\.vscode\extensions\redhat.java-1.23.0-win32-x64\jre\17.0.8.1-win32-x86_64\bin\vcruntime140_1.dll
0x00007ff801c50000 - 0x00007ff801ce1000 	c:\Users\Anurag Choudhary\.vscode\extensions\redhat.java-1.23.0-win32-x64\jre\17.0.8.1-win32-x86_64\bin\msvcp140.dll
0x00007fff82cc0000 - 0x00007fff8390c000 	c:\Users\Anurag Choudhary\.vscode\extensions\redhat.java-1.23.0-win32-x64\jre\17.0.8.1-win32-x86_64\bin\server\jvm.dll
0x00007ff82c470000 - 0x00007ff82c520000 	C:\WINDOWS\System32\ADVAPI32.dll
0x00007ff82deb0000 - 0x00007ff82df56000 	C:\WINDOWS\System32\sechost.dll
0x00007ff82caf0000 - 0x00007ff82cc07000 	C:\WINDOWS\System32\RPCRT4.dll
0x00007ff82b2f0000 - 0x00007ff82b33d000 	C:\WINDOWS\SYSTEM32\POWRPROF.dll
0x00007ffffa230000 - 0x00007ffffa239000 	C:\WINDOWS\SYSTEM32\WSOCK32.dll
0x00007ff82d850000 - 0x00007ff82d8c1000 	C:\WINDOWS\System32\WS2_32.dll
0x00007ff81ffc0000 - 0x00007ff81fff4000 	C:\WINDOWS\SYSTEM32\WINMM.dll
0x00007ff81cf40000 - 0x00007ff81cf4a000 	C:\WINDOWS\SYSTEM32\VERSION.dll
0x00007ff82b2d0000 - 0x00007ff82b2e3000 	C:\WINDOWS\SYSTEM32\UMPDC.dll
0x00007ff82aad0000 - 0x00007ff82aae8000 	C:\WINDOWS\SYSTEM32\kernel.appcore.dll
0x00007ff820010000 - 0x00007ff82001a000 	c:\Users\Anurag Choudhary\.vscode\extensions\redhat.java-1.23.0-win32-x64\jre\17.0.8.1-win32-x86_64\bin\jimage.dll
0x00007ff825680000 - 0x00007ff8258ae000 	C:\WINDOWS\SYSTEM32\DBGHELP.DLL
0x00007ff82c520000 - 0x00007ff82c8aa000 	C:\WINDOWS\System32\combase.dll
0x00007ff82d8f0000 - 0x00007ff82d9c7000 	C:\WINDOWS\System32\OLEAUT32.dll
0x00007ff802bc0000 - 0x00007ff802bf2000 	C:\WINDOWS\SYSTEM32\dbgcore.DLL
0x00007ff82c350000 - 0x00007ff82c3ca000 	C:\WINDOWS\System32\bcryptPrimitives.dll
0x00007ff80b3f0000 - 0x00007ff80b415000 	c:\Users\Anurag Choudhary\.vscode\extensions\redhat.java-1.23.0-win32-x64\jre\17.0.8.1-win32-x86_64\bin\java.dll
0x00007ff80b3d0000 - 0x00007ff80b3e8000 	c:\Users\Anurag Choudhary\.vscode\extensions\redhat.java-1.23.0-win32-x64\jre\17.0.8.1-win32-x86_64\bin\zip.dll
0x00007ff82cd60000 - 0x00007ff82d5b8000 	C:\WINDOWS\System32\SHELL32.dll
0x00007ff8299c0000 - 0x00007ff82a2b2000 	C:\WINDOWS\SYSTEM32\windows.storage.dll
0x00007ff829880000 - 0x00007ff8299be000 	C:\WINDOWS\SYSTEM32\wintypes.dll
0x00007ff82c9e0000 - 0x00007ff82cad3000 	C:\WINDOWS\System32\SHCORE.dll
0x00007ff82e240000 - 0x00007ff82e29e000 	C:\WINDOWS\System32\shlwapi.dll
0x00007ff82b9c0000 - 0x00007ff82b9e6000 	C:\WINDOWS\SYSTEM32\profapi.dll
0x00007ff8050c0000 - 0x00007ff8050d9000 	C:\Users\Anurag Choudhary\.vscode\extensions\redhat.java-1.23.0-win32-x64\jre\17.0.8.1-win32-x86_64\bin\net.dll
0x00007ff824180000 - 0x00007ff8242b7000 	C:\WINDOWS\SYSTEM32\WINHTTP.dll
0x00007ff82afb0000 - 0x00007ff82b019000 	C:\WINDOWS\system32\mswsock.dll
0x00007ff801be0000 - 0x00007ff801bf5000 	C:\Users\Anurag Choudhary\.vscode\extensions\redhat.java-1.23.0-win32-x64\jre\17.0.8.1-win32-x86_64\bin\nio.dll
0x00007ff82b210000 - 0x00007ff82b22b000 	C:\WINDOWS\SYSTEM32\CRYPTSP.dll
0x00007ff82aa30000 - 0x00007ff82aa65000 	C:\WINDOWS\system32\rsaenh.dll
0x00007ff82b0a0000 - 0x00007ff82b0cc000 	C:\WINDOWS\SYSTEM32\USERENV.dll
0x00007ff82b430000 - 0x00007ff82b458000 	C:\WINDOWS\SYSTEM32\bcrypt.dll
0x00007ff82b2b0000 - 0x00007ff82b2bc000 	C:\WINDOWS\SYSTEM32\CRYPTBASE.dll
0x00007ff82a520000 - 0x00007ff82a54d000 	C:\WINDOWS\SYSTEM32\IPHLPAPI.DLL
0x00007ff82c9d0000 - 0x00007ff82c9d9000 	C:\WINDOWS\System32\NSI.dll
0x00007ff824060000 - 0x00007ff824079000 	C:\WINDOWS\SYSTEM32\dhcpcsvc6.DLL
0x00007ff823db0000 - 0x00007ff823dcf000 	C:\WINDOWS\SYSTEM32\dhcpcsvc.DLL
0x00007ff82a590000 - 0x00007ff82a689000 	C:\WINDOWS\SYSTEM32\DNSAPI.dll
0x00007ff8124a0000 - 0x00007ff8124b0000 	c:\Users\Anurag Choudhary\.vscode\extensions\redhat.java-1.23.0-win32-x64\jre\17.0.8.1-win32-x86_64\bin\verify.dll
0x00007ff8164d0000 - 0x00007ff8164d9000 	C:\Users\Anurag Choudhary\.vscode\extensions\redhat.java-1.23.0-win32-x64\jre\17.0.8.1-win32-x86_64\bin\management.dll
0x00007ff8164c0000 - 0x00007ff8164cb000 	C:\Users\Anurag Choudhary\.vscode\extensions\redhat.java-1.23.0-win32-x64\jre\17.0.8.1-win32-x86_64\bin\management_ext.dll
0x00007ff82cae0000 - 0x00007ff82cae8000 	C:\WINDOWS\System32\PSAPI.DLL
0x00007ff8164e0000 - 0x00007ff8164ee000 	C:\Users\Anurag Choudhary\.vscode\extensions\redhat.java-1.23.0-win32-x64\jre\17.0.8.1-win32-x86_64\bin\sunmscapi.dll
0x00007ff82c140000 - 0x00007ff82c2a6000 	C:\WINDOWS\System32\CRYPT32.dll
0x00007ff82b400000 - 0x00007ff82b42d000 	C:\WINDOWS\SYSTEM32\ncrypt.dll
0x00007ff82b3c0000 - 0x00007ff82b3f7000 	C:\WINDOWS\SYSTEM32\NTASN1.dll
0x00007ff81e290000 - 0x00007ff81e29a000 	C:\Windows\System32\rasadhlp.dll
0x00007ff81e130000 - 0x00007ff81e1b4000 	C:\WINDOWS\System32\fwpuclnt.dll

dbghelp: loaded successfully - version: 4.0.5 - missing functions: none
symbol engine: initialized successfully - sym options: 0x614 - pdb path: .;c:\Users\Anurag Choudhary\.vscode\extensions\redhat.java-1.23.0-win32-x64\jre\17.0.8.1-win32-x86_64\bin;C:\WINDOWS\SYSTEM32;C:\WINDOWS\WinSxS\amd64_microsoft.windows.common-controls_6595b64144ccf1df_6.0.22621.2361_none_2712ced57382f843;c:\Users\Anurag Choudhary\.vscode\extensions\redhat.java-1.23.0-win32-x64\jre\17.0.8.1-win32-x86_64\bin\server

VM Arguments:
jvm_args: -XX:+HeapDumpOnOutOfMemoryError -Xmx1024m -Dsts.lsp.client=vscode -Dsts.log.file=/dev/null -XX:TieredStopAtLevel=1 -Xlog:jni+resolve=off -Dspring.config.location=file:c:\Users\Anurag Choudhary\.vscode\extensions\vmware.vscode-spring-boot-1.49.0\language-server\BOOT-INF\classes\application.properties 
java_command: org.springframework.ide.vscode.boot.app.BootLanguageServerBootApp
java_class_path (initial): c:\Users\Anurag Choudhary\.vscode\extensions\vmware.vscode-spring-boot-1.49.0\language-server\BOOT-INF\classes;c:\Users\Anurag Choudhary\.vscode\extensions\vmware.vscode-spring-boot-1.49.0\language-server\BOOT-INF\lib\annotations-24.0.1.jar;c:\Users\Anurag Choudhary\.vscode\extensions\vmware.vscode-spring-boot-1.49.0\language-server\BOOT-INF\lib\antlr-runtime-3.5.3.jar;c:\Users\Anurag Choudhary\.vscode\extensions\vmware.vscode-spring-boot-1.49.0\language-server\BOOT-INF\lib\antlr4-4.11.1.jar;c:\Users\Anurag Choudhary\.vscode\extensions\vmware.vscode-spring-boot-1.49.0\language-server\BOOT-INF\lib\antlr4-runtime-4.11.1.jar;c:\Users\Anurag Choudhary\.vscode\extensions\vmware.vscode-spring-boot-1.49.0\language-server\BOOT-INF\lib\archunit-1.1.0.jar;c:\Users\Anurag Choudhary\.vscode\extensions\vmware.vscode-spring-boot-1.49.0\language-server\BOOT-INF\lib\asm-9.5.jar;c:\Users\Anurag Choudhary\.vscode\extensions\vmware.vscode-spring-boot-1.49.0\language-server\BOOT-INF\lib\asm-analysis-9.5.jar;c:\Users\Anurag Choudhary\.vscode\extensions\vmware.vscode-spring-boot-1.49.0\language-server\BOOT-INF\lib\asm-tree-9.5.jar;c:\Users\Anurag Choudhary\.vscode\extensions\vmware.vscode-spring-boot-1.49.0\language-server\BOOT-INF\lib\asm-util-9.5.jar;c:\Users\Anurag Choudhary\.vscode\extensions\vmware.vscode-spring-boot-1.49.0\language-server\BOOT-INF\lib\bosh-language-server-1.49.0-SNAPSHOT.jar;c:\Users\Anurag Choudhary\.vscode\extensions\vmware.vscode-spring-boot-1.49.0\language-server\BOOT-INF\lib\caffeine-3.1.6.jar;c:\Users\Anurag Choudhary\.vscode\extensions\vmware.vscode-spring-boot-1.49.0\language-server\BOOT-INF\lib\checker-qual-3.12.0.jar;c:\Users\Anurag Choudhary\.vscode\extensions\vmware.vscode-spring-boot-1.49.0\language-server\BOOT-INF\lib\classgraph-4.8.149.jar;c:\Users\Anurag Choudhary\.vscode\extensions\vmware.vscode-spring-boot-1.49.0\language-server\BOOT-INF\lib\commons-codec-1.15.jar;c:\Users\Anurag Choudhary\.vscode\extensions\vmware.vsc
Launcher Type: SUN_STANDARD

[Global flags]
     intx CICompilerCount                          = 4                                         {product} {ergonomic}
     uint ConcGCThreads                            = 2                                         {product} {ergonomic}
     uint G1ConcRefinementThreads                  = 8                                         {product} {ergonomic}
   size_t G1HeapRegionSize                         = 1048576                                   {product} {ergonomic}
    uintx GCDrainStackTargetSize                   = 64                                        {product} {ergonomic}
     bool HeapDumpOnOutOfMemoryError               = true                                   {manageable} {command line}
   size_t InitialHeapSize                          = 264241152                                 {product} {ergonomic}
   size_t MarkStackSize                            = 4194304                                   {product} {ergonomic}
   size_t MaxHeapSize                              = 1073741824                                {product} {command line}
   size_t MaxNewSize                               = 643825664                                 {product} {ergonomic}
   size_t MinHeapDeltaBytes                        = 1048576                                   {product} {ergonomic}
   size_t MinHeapSize                              = 8388608                                   {product} {ergonomic}
    uintx NonProfiledCodeHeapSize                  = 0                                      {pd product} {ergonomic}
     bool ProfileInterpreter                       = false                                  {pd product} {command line}
    uintx ProfiledCodeHeapSize                     = 0                                      {pd product} {ergonomic}
   size_t SoftMaxHeapSize                          = 1073741824                             {manageable} {ergonomic}
     intx TieredStopAtLevel                        = 1                                         {product} {command line}
     bool UseCompressedClassPointers               = true                           {product lp64_product} {ergonomic}
     bool UseCompressedOops                        = true                           {product lp64_product} {ergonomic}
     bool UseG1GC                                  = true                                      {product} {ergonomic}
     bool UseLargePagesIndividualAllocation        = false                                  {pd product} {ergonomic}

Logging:
Log output configuration:
 #0: stdout all=warning,jni+resolve=off uptime,level,tags
 #1: stderr all=off uptime,level,tags

Environment Variables:
JAVA_HOME=C:\Program Files\Java\jdk-20
PATH=C:\Program Files\Python312\Scripts\;C:\Program Files\Python312\;C:\Program Files\Git\bin;C:\Program Files\Java\jdk-20\bin;C:\apache-maven-3.9.2\bin;C:\Windows\System32\WindowsPowerShell\v1.0;C:\Program Files\MySQL\MySQL Server 8.0\bin;C:\Users\Anurag Choudhary\AppData\Local\Microsoft\WindowsApps;C:\Users\Anurag Choudhary\AppData\Local\Programs\Microsoft VS Code\bin;C:\Program Files\nodejs;C:\Users\Anurag Choudhary\AppData\Roaming\npm;C:\Program Files\JetBrains\IntelliJ IDEA Community Edition 2023.2.3\bin;;C:\Program Files\Python312\;
USERNAME=Anurag Choudhary
OS=Windows_NT
PROCESSOR_IDENTIFIER=Intel64 Family 6 Model 140 Stepping 1, GenuineIntel
TMP=C:\TEMP
TEMP=C:\TEMP



---------------  S Y S T E M  ---------------

OS:
 Windows 11 , 64 bit Build 22621 (10.0.22621.2428)
OS uptime: 0 days 17:47 hours
Hyper-V role detected

CPU: total 8 (initial active 8) (4 cores per cpu, 2 threads per core) family 6 model 140 stepping 1 microcode 0xa6, cx8, cmov, fxsr, ht, mmx, 3dnowpref, sse, sse2, sse3, ssse3, sse4.1, sse4.2, popcnt, lzcnt, tsc, tscinvbit, avx, avx2, aes, erms, clmul, bmi1, bmi2, adx, avx512f, avx512dq, avx512cd, avx512bw, avx512vl, sha, fma, vzeroupper, avx512_vpopcntdq, avx512_vpclmulqdq, avx512_vaes, avx512_vnni, clflush, clflushopt, clwb, avx512_vbmi2, avx512_vbmi, hv
Processor Information for all 8 processors :
  Max Mhz: 2419, Current Mhz: 2419, Mhz Limit: 2419

Memory: 4k page, system-wide physical 16078M (4792M free)
TotalPageFile size 18126M (AvailPageFile size 0M)
current process WorkingSet (physical memory assigned to process): 90M, peak: 230M
current process commit charge ("private bytes"): 259M, peak: 362M

vm_info: OpenJDK 64-Bit Server VM (17.0.8.1+1) for windows-amd64 JRE (17.0.8.1+1), built on Aug 23 2023 15:29:17 by "admin" with MS VC++ 16.7 (VS2019)

END.
